<?xml version="1.0" encoding="UTF-8"?>
<!-- Generated by org.testng.reporters.JUnitXMLReporter -->
<testsuite hostname="DESKTOP-F74GJ61" ignored="0" name="CodingExerciseTests" tests="6" failures="0" timestamp="24 Mar 2019 10:28:53 GMT" time="52.608" errors="0">
  <testcase name="Verify200ResponseTest" time="0.375" classname="TestCases.TC_000"/>
  <testcase name="invalidUserLoginTest" time="6.829" classname="TestCases.TC_001"/>
  <testcase name="createNewAccountFailTest" time="6.37" classname="TestCases.TC_002"/>
  <testcase name="createNewAccountSuccessTest" time="6.425" classname="TestCases.TC_003And004"/>
  <testcase name="LoginWithNewAccountSuccessTest" time="6.153" classname="TestCases.TC_003And004"/>
  <testcase name="VerifyContactUsLink" time="5.527" classname="TestCases.TC_005"/>
</testsuite> <!-- CodingExerciseTests -->
